#
# A fatal error has been detected by the Java Runtime Environment:
#
#  EXCEPTION_ACCESS_VIOLATION (0xc0000005) at pc=0x000000006b012346, pid=16352, tid=0x0000000000003528
#
# JRE version: OpenJDK Runtime Environment (8.0_242-b01) (build 1.8.0_242-release-1644-b01)
# Java VM: OpenJDK 64-Bit Server VM (25.242-b01 mixed mode windows-amd64 compressed oops)
# Problematic frame:
# V  [jvm.dll+0x212346]
#
# Failed to write core dump. Minidumps are not enabled by default on client versions of Windows
#
# If you would like to submit a bug report, please visit:
#   
#

---------------  T H R E A D  ---------------

Current thread (0x000000001b4ce000):  JavaThread "Daemon worker" [_thread_in_vm, id=13608, stack(0x000000001cde0000,0x000000001cee0000)]

siginfo: ExceptionCode=0xc0000005, reading address 0x00000000a0b0aaa8

Registers:
RAX=0x00000000a0b0aaa0, RBX=0x000000001cedb0d8, RCX=0x000000001cedb0d8, RDX=0x00000000a0b0aa28
RSP=0x000000001cedade0, RBP=0x000000001cedb0d9, RSI=0x000000001f9cdad8, RDI=0x0000000000000000
R8 =0x0000000000000000, R9 =0x000000001b4ce000, R10=0x000000001f9cda80, R11=0x0000000000000000
R12=0x00000001002ef358, R13=0x000000001cedb198, R14=0x0000000000000000, R15=0x000000001b4ce000
RIP=0x000000006b012346, EFLAGS=0x0000000000010202

Top of Stack: (sp=0x000000001cedade0)
0x000000001cedade0:   000000001b3ff4e0 000000001b402430
0x000000001cedadf0:   000000001b402498 000000001b402518
0x000000001cedae00:   000000001be88680 000000006aff9622
0x000000001cedae10:   000000001b4ce000 0000000016e748c8
0x000000001cedae20:   0000000002b25360 000000006b06c338
0x000000001cedae30:   000000001cedaef8 000000006aff3785
0x000000001cedae40:   000000001b4ce000 000000006aff09e0
0x000000001cedae50:   0000000000000001 000000006ae560c5
0x000000001cedae60:   000007d859c41ec1 000000006aec20f6
0x000000001cedae70:   000000001be88680 000000001b4f2a20
0x000000001cedae80:   0000000002b25360 000000006ae59341
0x000000001cedae90:   000000001b402478 0000000002b25360
0x000000001cedaea0:   0000000000000000 0000000000000001
0x000000001cedaeb0:   000000001b4f29c0 0000000000000000
0x000000001cedaec0:   000000001b4ce000 00000000172bab00
0x000000001cedaed0:   000000001cedb080 56b8c38700000204 

Instructions: (pc=0x000000006b012346)
0x000000006b012326:   01 00 00 48 8b 05 10 5d 59 00 48 33 c4 48 89 84
0x000000006b012336:   24 30 01 00 00 4c 63 41 10 48 8b 41 08 48 8b d9
0x000000006b012346:   42 38 54 00 08 74 33 44 0f be c2 48 8d 4c 24 20
0x000000006b012356:   48 8d 15 4b ce 3d 00 e8 6e ed de ff 48 8d 0d f7 


Register to memory mapping:

RAX=0x00000000a0b0aaa0 is an unallocated location in the heap
RBX=0x000000001cedb0d8 is pointing into the stack for thread: 0x000000001b4ce000
RCX=0x000000001cedb0d8 is pointing into the stack for thread: 0x000000001b4ce000
RDX=0x00000000a0b0aa28 is an unallocated location in the heap
RSP=0x000000001cedade0 is pointing into the stack for thread: 0x000000001b4ce000
RBP=0x000000001cedb0d9 is pointing into the stack for thread: 0x000000001b4ce000
RSI={method} {0x000000001f9cdae0} 'getClasspath' '
[error occurred during error reporting (printing register info), id 0xc0000005]

Stack: [0x000000001cde0000,0x000000001cee0000],  sp=0x000000001cedade0,  free space=1003k
Native frames: (J=compiled Java code, j=interpreted, Vv=VM code, C=native code)
V  [jvm.dll+0x212346]
V  [jvm.dll+0x21274f]
V  [jvm.dll+0x201d18]
V  [jvm.dll+0x177f94]
V  [jvm.dll+0x1782a6]
C  0x00000000032e13fd

Java frames: (J=compiled Java code, j=interpreted, Vv=VM code)
J 2056  java.lang.Class.getDeclaredMethods0(Z)[Ljava/lang/reflect/Method; (0 bytes) @ 0x00000000032e137b [0x00000000032e1340+0x3b]
J 4418 C2 java.lang.Class.privateGetDeclaredMethods(Z)[Ljava/lang/reflect/Method; (67 bytes) @ 0x00000000039df194 [0x00000000039def60+0x234]
J 2376 C1 java.lang.Class.privateGetPublicMethods()[Ljava/lang/reflect/Method; (267 bytes) @ 0x00000000034d1b9c [0x00000000034d1840+0x35c]
J 2781 C1 java.lang.Class.getMethods()[Ljava/lang/reflect/Method; (17 bytes) @ 0x00000000036529b4 [0x00000000036528e0+0xd4]
j  sun.misc.ProxyGenerator.generateClassFile()[B+49
j  sun.misc.ProxyGenerator.generateProxyClass(Ljava/lang/String;[Ljava/lang/Class;I)[B+12
j  java.lang.reflect.Proxy$ProxyClassFactory.apply(Ljava/lang/ClassLoader;[Ljava/lang/Class;)Ljava/lang/Class;+357
j  java.lang.reflect.Proxy$ProxyClassFactory.apply(Ljava/lang/Object;Ljava/lang/Object;)Ljava/lang/Object;+9
j  java.lang.reflect.WeakCache$Factory.get()Ljava/lang/Object;+41
J 4135 C1 java.lang.reflect.WeakCache.get(Ljava/lang/Object;Ljava/lang/Object;)Ljava/lang/Object; (221 bytes) @ 0x000000000394a744 [0x0000000003949660+0x10e4]
J 2884 C1 java.lang.reflect.Proxy.newProxyInstance(Ljava/lang/ClassLoader;[Ljava/lang/Class;Ljava/lang/reflect/InvocationHandler;)Ljava/lang/Object; (174 bytes) @ 0x0000000003079204 [0x0000000003078da0+0x464]
j  org.gradle.tooling.internal.adapter.ProtocolToModelAdapter.createView(Ljava/lang/Class;Ljava/lang/Object;Lorg/gradle/tooling/internal/adapter/ProtocolToModelAdapter$ViewDecoration;Lorg/gradle/tooling/internal/adapter/ProtocolToModelAdapter$ViewGraphDetails;)Ljava/lang/Object;+145
j  org.gradle.tooling.internal.adapter.ProtocolToModelAdapter.access$300(Ljava/lang/Class;Ljava/lang/Object;Lorg/gradle/tooling/internal/adapter/ProtocolToModelAdapter$ViewDecoration;Lorg/gradle/tooling/internal/adapter/ProtocolToModelAdapter$ViewGraphDetails;)Ljava/lang/Object;+4
j  org.gradle.tooling.internal.adapter.ProtocolToModelAdapter$DefaultViewBuilder.build(Ljava/lang/Object;)Ljava/lang/Object;+48
j  org.gradle.tooling.internal.consumer.connection.BuildControllerAdapter.getModel(Lorg/gradle/tooling/model/Model;Ljava/lang/Class;Ljava/lang/Class;Lorg/gradle/api/Action;)Ljava/lang/Object;+110
j  org.gradle.tooling.internal.consumer.connection.AbstractBuildController.findModel(Lorg/gradle/tooling/model/Model;Ljava/lang/Class;Ljava/lang/Class;Lorg/gradle/api/Action;)Ljava/lang/Object;+6
j  org.gradle.tooling.internal.consumer.connection.AbstractBuildController.findModel(Lorg/gradle/tooling/model/Model;Ljava/lang/Class;)Ljava/lang/Object;+5
j  org.jetbrains.plugins.gradle.model.ProjectImportAction$MyBuildController.findModel(Lorg/gradle/tooling/model/Model;Ljava/lang/Class;)Ljava/lang/Object;+20
j  org.jetbrains.plugins.gradle.model.ClassSetImportModelProvider.populateProjectModels(Lorg/gradle/tooling/BuildController;Lorg/gradle/tooling/model/Model;Lorg/jetbrains/plugins/gradle/model/ProjectImportModelProvider$ProjectModelConsumer;)V+37
j  org.jetbrains.plugins.gradle.model.ProjectImportAction.addProjectModels(Lorg/jetbrains/plugins/gradle/model/ProjectImportAction$ToolingSerializerAdapter;Lorg/gradle/tooling/BuildController;Lorg/jetbrains/plugins/gradle/model/ProjectImportAction$AllModels;Lorg/gradle/tooling/model/gradle/BasicGradleProject;Z)V+76
j  org.jetbrains.plugins.gradle.model.ProjectImportAction.execute(Lorg/gradle/tooling/BuildController;)Lorg/jetbrains/plugins/gradle/model/ProjectImportAction$AllModels;+248
j  org.jetbrains.plugins.gradle.model.ProjectImportAction.execute(Lorg/gradle/tooling/BuildController;)Ljava/lang/Object;+2
j  org.gradle.tooling.internal.consumer.connection.InternalBuildActionAdapter.execute(Lorg/gradle/tooling/internal/protocol/InternalBuildControllerVersion2;)Ljava/lang/Object;+49
j  org.gradle.tooling.internal.provider.runner.ClientProvidedPhasedActionRunner$ActionRunningListener.runAction(Lorg/gradle/tooling/internal/protocol/InternalBuildActionVersion2;Lorg/gradle/api/internal/GradleInternal;)Lorg/gradle/tooling/internal/provider/serialization/SerializedPayload;+11
j  org.gradle.tooling.internal.provider.runner.ClientProvidedPhasedActionRunner$ActionRunningListener.run(Lorg/gradle/tooling/internal/protocol/InternalBuildActionVersion2;Lorg/gradle/tooling/internal/protocol/PhasedActionResult$Phase;)V+10
j  org.gradle.tooling.internal.provider.runner.ClientProvidedPhasedActionRunner$ActionRunningListener.buildFinished(Lorg/gradle/BuildResult;)V+20
v  ~StubRoutines::call_stub
J 1652  sun.reflect.NativeMethodAccessorImpl.invoke0(Ljava/lang/reflect/Method;Ljava/lang/Object;[Ljava/lang/Object;)Ljava/lang/Object; (0 bytes) @ 0x00000000031965bf [0x0000000003196540+0x7f]
J 1651 C1 sun.reflect.NativeMethodAccessorImpl.invoke(Ljava/lang/Object;[Ljava/lang/Object;)Ljava/lang/Object; (104 bytes) @ 0x0000000003195824 [0x0000000003194680+0x11a4]
J 1214 C1 sun.reflect.DelegatingMethodAccessorImpl.invoke(Ljava/lang/Object;[Ljava/lang/Object;)Ljava/lang/Object; (10 bytes) @ 0x0000000003048bc4 [0x0000000003048ac0+0x104]
J 1213 C1 java.lang.reflect.Method.invoke(Ljava/lang/Object;[Ljava/lang/Object;)Ljava/lang/Object; (62 bytes) @ 0x00000000030485ec [0x0000000003048200+0x3ec]
J 2672 C1 org.gradle.internal.dispatch.ReflectionDispatch.dispatch(Lorg/gradle/internal/dispatch/MethodInvocation;)V (42 bytes) @ 0x00000000035b9d84 [0x00000000035b99e0+0x3a4]
J 2671 C1 org.gradle.internal.dispatch.ReflectionDispatch.dispatch(Ljava/lang/Object;)V (9 bytes) @ 0x00000000035b962c [0x00000000035b94c0+0x16c]
j  org.gradle.internal.event.DefaultListenerManager$ListenerDetails.dispatch(Lorg/gradle/internal/dispatch/MethodInvocation;)V+15
j  org.gradle.internal.event.DefaultListenerManager$ListenerDetails.dispatch(Ljava/lang/Object;)V+5
J 2833 C1 org.gradle.internal.event.AbstractBroadcastDispatch.dispatch(Lorg/gradle/internal/dispatch/MethodInvocation;Ljava/util/Iterator;)V (191 bytes) @ 0x00000000036976e4 [0x0000000003697320+0x3c4]
j  org.gradle.internal.event.DefaultListenerManager$EventBroadcast$ListenerDispatch.dispatch(Lorg/gradle/internal/dispatch/MethodInvocation;)V+29
j  org.gradle.internal.event.DefaultListenerManager$EventBroadcast$ListenerDispatch.dispatch(Ljava/lang/Object;)V+5
J 2828 C1 org.gradle.internal.event.AbstractBroadcastDispatch.dispatch(Lorg/gradle/internal/dispatch/MethodInvocation;Lorg/gradle/internal/dispatch/Dispatch;)V (53 bytes) @ 0x0000000003692d3c [0x0000000003692c20+0x11c]
J 2826 C1 org.gradle.internal.event.BroadcastDispatch$SingletonDispatch.dispatch(Ljava/lang/Object;)V (9 bytes) @ 0x00000000036923f4 [0x00000000036921c0+0x234]
J 2833 C1 org.gradle.internal.event.AbstractBroadcastDispatch.dispatch(Lorg/gradle/internal/dispatch/MethodInvocation;Ljava/util/Iterator;)V (191 bytes) @ 0x00000000036976e4 [0x0000000003697320+0x3c4]
j  org.gradle.internal.event.BroadcastDispatch$CompositeDispatch.dispatch(Lorg/gradle/internal/dispatch/MethodInvocation;)V+11
j  org.gradle.internal.event.BroadcastDispatch$CompositeDispatch.dispatch(Ljava/lang/Object;)V+5
j  org.gradle.internal.event.ListenerBroadcast.dispatch(Lorg/gradle/internal/dispatch/MethodInvocation;)V+5
j  org.gradle.internal.event.ListenerBroadcast.dispatch(Ljava/lang/Object;)V+5
J 4950 C1 org.gradle.internal.dispatch.ProxyDispatchAdapter$DispatchingInvocationHandler.invoke(Ljava/lang/Object;Ljava/lang/reflect/Method;[Ljava/lang/Object;)Ljava/lang/Object; (184 bytes) @ 0x0000000003b908d4 [0x0000000003b8f5c0+0x1314]
j  com.sun.proxy.$Proxy16.buildFinished(Lorg/gradle/BuildResult;)V+16
j  org.gradle.initialization.DefaultGradleLauncher.finishBuild(Ljava/lang/String;Ljava/lang/Throwable;)V+71
j  org.gradle.initialization.DefaultGradleLauncher.finishBuild()V+16
j  org.gradle.internal.invocation.GradleBuildController$3.create()Lorg/gradle/api/internal/GradleInternal;+37
j  org.gradle.internal.invocation.GradleBuildController$3.create()Ljava/lang/Object;+1
j  org.gradle.internal.work.DefaultWorkerLeaseService.withLocks(Ljava/lang/Iterable;Lorg/gradle/internal/Factory;)Ljava/lang/Object;+26
j  org.gradle.internal.work.StopShieldingWorkerLeaseService.withLocks(Ljava/lang/Iterable;Lorg/gradle/internal/Factory;)Ljava/lang/Object;+6
j  org.gradle.internal.invocation.GradleBuildController.doBuild(Lorg/gradle/api/internal/GradleInternal$BuildType;Lorg/gradle/api/Action;)Lorg/gradle/api/internal/GradleInternal;+26
j  org.gradle.internal.invocation.GradleBuildController.configure()Lorg/gradle/api/internal/GradleInternal;+12
j  org.gradle.tooling.internal.provider.runner.ClientProvidedPhasedActionRunner.run(Lorg/gradle/internal/invocation/BuildAction;Lorg/gradle/internal/invocation/BuildController;)Lorg/gradle/internal/invocation/BuildActionRunner$Result;+102
j  org.gradle.launcher.exec.ChainingBuildActionRunner.run(Lorg/gradle/internal/invocation/BuildAction;Lorg/gradle/internal/invocation/BuildController;)Lorg/gradle/internal/invocation/BuildActionRunner$Result;+34
j  org.gradle.launcher.exec.ChainingBuildActionRunner.run(Lorg/gradle/internal/invocation/BuildAction;Lorg/gradle/internal/invocation/BuildController;)Lorg/gradle/internal/invocation/BuildActionRunner$Result;+34
j  org.gradle.launcher.exec.BuildOutcomeReportingBuildActionRunner.run(Lorg/gradle/internal/invocation/BuildAction;Lorg/gradle/internal/invocation/BuildController;)Lorg/gradle/internal/invocation/BuildActionRunner$Result;+143
j  org.gradle.tooling.internal.provider.ValidatingBuildActionRunner.run(Lorg/gradle/internal/invocation/BuildAction;Lorg/gradle/internal/invocation/BuildController;)Lorg/gradle/internal/invocation/BuildActionRunner$Result;+6
j  org.gradle.launcher.exec.BuildCompletionNotifyingBuildActionRunner.run(Lorg/gradle/internal/invocation/BuildAction;Lorg/gradle/internal/invocation/BuildController;)Lorg/gradle/internal/invocation/BuildActionRunner$Result;+28
j  org.gradle.launcher.exec.RunAsBuildOperationBuildActionRunner$3.call(Lorg/gradle/internal/operations/BuildOperationContext;)Lorg/gradle/internal/invocation/BuildActionRunner$Result;+95
j  org.gradle.launcher.exec.RunAsBuildOperationBuildActionRunner$3.call(Lorg/gradle/internal/operations/BuildOperationContext;)Ljava/lang/Object;+2
j  org.gradle.internal.operations.DefaultBuildOperationExecutor$CallableBuildOperationWorker.execute(Lorg/gradle/internal/operations/CallableBuildOperation;Lorg/gradle/internal/operations/BuildOperationContext;)V+3
j  org.gradle.internal.operations.DefaultBuildOperationExecutor$CallableBuildOperationWorker.execute(Lorg/gradle/internal/operations/BuildOperation;Lorg/gradle/internal/operations/BuildOperationContext;)V+6
j  org.gradle.internal.operations.DefaultBuildOperationExecutor$1.execute(Lorg/gradle/internal/operations/BuildOperationDescriptor;Lorg/gradle/internal/operations/DefaultBuildOperationExecutor$DefaultBuildOperationContext;Lorg/gradle/internal/operations/DefaultBuildOperationExecutor$BuildOperationExecutionListener;)Lorg/gradle/internal/operations/BuildOperation;+18
j  org.gradle.internal.operations.DefaultBuildOperationExecutor.execute(Lorg/gradle/internal/operations/BuildOperationDescriptor$Builder;Lorg/gradle/internal/operations/DefaultBuildOperationExecutor$BuildOperationState;Lorg/gradle/internal/operations/DefaultBuildOperationExecutor$BuildOperationExecution;)Lorg/gradle/internal/operations/BuildOperation;+105
j  org.gradle.internal.operations.DefaultBuildOperationExecutor.execute(Lorg/gradle/internal/operations/BuildOperation;Lorg/gradle/internal/operations/BuildOperationWorker;Lorg/gradle/internal/operations/DefaultBuildOperationExecutor$BuildOperationState;)V+22
j  org.gradle.internal.operations.DefaultBuildOperationExecutor.call(Lorg/gradle/internal/operations/CallableBuildOperation;)Ljava/lang/Object;+16
j  org.gradle.internal.operations.DelegatingBuildOperationExecutor.call(Lorg/gradle/internal/operations/CallableBuildOperation;)Ljava/lang/Object;+5
j  org.gradle.launcher.exec.RunAsBuildOperationBuildActionRunner.run(Lorg/gradle/internal/invocation/BuildAction;Lorg/gradle/internal/invocation/BuildController;)Lorg/gradle/internal/invocation/BuildActionRunner$Result;+33
j  org.gradle.launcher.exec.InProcessBuildActionExecuter$1.transform(Lorg/gradle/internal/invocation/BuildController;)Lorg/gradle/launcher/exec/BuildActionResult;+12
j  org.gradle.launcher.exec.InProcessBuildActionExecuter$1.transform(Ljava/lang/Object;)Ljava/lang/Object;+5
j  org.gradle.composite.internal.DefaultRootBuildState.run(Lorg/gradle/api/Transformer;)Ljava/lang/Object;+43
j  org.gradle.launcher.exec.InProcessBuildActionExecuter.execute(Lorg/gradle/internal/invocation/BuildAction;Lorg/gradle/initialization/BuildRequestContext;Lorg/gradle/launcher/exec/BuildActionParameters;Lorg/gradle/internal/service/ServiceRegistry;)Lorg/gradle/launcher/exec/BuildActionResult;+82
j  org.gradle.launcher.exec.InProcessBuildActionExecuter.execute(Lorg/gradle/internal/invocation/BuildAction;Lorg/gradle/initialization/BuildRequestContext;Ljava/lang/Object;Lorg/gradle/internal/service/ServiceRegistry;)Lorg/gradle/launcher/exec/BuildActionResult;+9
j  org.gradle.launcher.exec.BuildTreeScopeBuildActionExecuter.execute(Lorg/gradle/internal/invocation/BuildAction;Lorg/gradle/initialization/BuildRequestContext;Lorg/gradle/launcher/exec/BuildActionParameters;Lorg/gradle/internal/service/ServiceRegistry;)Lorg/gradle/launcher/exec/BuildActionResult;+38
j  org.gradle.launcher.exec.BuildTreeScopeBuildActionExecuter.execute(Lorg/gradle/internal/invocation/BuildAction;Lorg/gradle/initialization/BuildRequestContext;Ljava/lang/Object;Lorg/gradle/internal/service/ServiceRegistry;)Lorg/gradle/launcher/exec/BuildActionResult;+9
j  org.gradle.tooling.internal.provider.ContinuousBuildActionExecuter.execute(Lorg/gradle/internal/invocation/BuildAction;Lorg/gradle/initialization/BuildRequestContext;Lorg/gradle/launcher/exec/BuildActionParameters;Lorg/gradle/internal/service/ServiceRegistry;)Lorg/gradle/launcher/exec/BuildActionResult;+58
j  org.gradle.tooling.internal.provider.ContinuousBuildActionExecuter.execute(Lorg/gradle/internal/invocation/BuildAction;Lorg/gradle/initialization/BuildRequestContext;Ljava/lang/Object;Lorg/gradle/internal/service/ServiceRegistry;)Lorg/gradle/launcher/exec/BuildActionResult;+9
j  org.gradle.tooling.internal.provider.SubscribableBuildActionExecuter.execute(Lorg/gradle/internal/invocation/BuildAction;Lorg/gradle/initialization/BuildRequestContext;Lorg/gradle/launcher/exec/BuildActionParameters;Lorg/gradle/internal/service/ServiceRegistry;)Lorg/gradle/launcher/exec/BuildActionResult;+41
j  org.gradle.tooling.internal.provider.SubscribableBuildActionExecuter.execute(Lorg/gradle/internal/invocation/BuildAction;Lorg/gradle/initialization/BuildRequestContext;Ljava/lang/Object;Lorg/gradle/internal/service/ServiceRegistry;)Lorg/gradle/launcher/exec/BuildActionResult;+9
j  org.gradle.tooling.internal.provider.SessionScopeBuildActionExecuter.execute(Lorg/gradle/internal/invocation/BuildAction;Lorg/gradle/initialization/BuildRequestContext;Lorg/gradle/launcher/exec/BuildActionParameters;Lorg/gradle/internal/service/ServiceRegistry;)Lorg/gradle/launcher/exec/BuildActionResult;+117
j  org.gradle.tooling.internal.provider.SessionScopeBuildActionExecuter.execute(Lorg/gradle/internal/invocation/BuildAction;Lorg/gradle/initialization/BuildRequestContext;Ljava/lang/Object;Lorg/gradle/internal/service/ServiceRegistry;)Lorg/gradle/launcher/exec/BuildActionResult;+9
j  org.gradle.tooling.internal.provider.GradleThreadBuildActionExecuter.execute(Lorg/gradle/internal/invocation/BuildAction;Lorg/gradle/initialization/BuildRequestContext;Lorg/gradle/launcher/exec/BuildActionParameters;Lorg/gradle/internal/service/ServiceRegistry;)Lorg/gradle/launcher/exec/BuildActionResult;+12
j  org.gradle.tooling.internal.provider.GradleThreadBuildActionExecuter.execute(Lorg/gradle/internal/invocation/BuildAction;Lorg/gradle/initialization/BuildRequestContext;Ljava/lang/Object;Lorg/gradle/internal/service/ServiceRegistry;)Lorg/gradle/launcher/exec/BuildActionResult;+9
j  org.gradle.tooling.internal.provider.ParallelismConfigurationBuildActionExecuter.execute(Lorg/gradle/internal/invocation/BuildAction;Lorg/gradle/initialization/BuildRequestContext;Lorg/gradle/launcher/exec/BuildActionParameters;Lorg/gradle/internal/service/ServiceRegistry;)Lorg/gradle/launcher/exec/BuildActionResult;+43
j  org.gradle.tooling.internal.provider.ParallelismConfigurationBuildActionExecuter.execute(Lorg/gradle/internal/invocation/BuildAction;Lorg/gradle/initialization/BuildRequestContext;Ljava/lang/Object;Lorg/gradle/internal/service/ServiceRegistry;)Lorg/gradle/launcher/exec/BuildActionResult;+9
j  org.gradle.tooling.internal.provider.StartParamsValidatingActionExecuter.execute(Lorg/gradle/internal/invocation/BuildAction;Lorg/gradle/initialization/BuildRequestContext;Lorg/gradle/launcher/exec/BuildActionParameters;Lorg/gradle/internal/service/ServiceRegistry;)Lorg/gradle/launcher/exec/BuildActionResult;+177
j  org.gradle.tooling.internal.provider.StartParamsValidatingActionExecuter.execute(Lorg/gradle/internal/invocation/BuildAction;Lorg/gradle/initialization/BuildRequestContext;Ljava/lang/Object;Lorg/gradle/internal/service/ServiceRegistry;)Lorg/gradle/launcher/exec/BuildActionResult;+9
j  org.gradle.tooling.internal.provider.SessionFailureReportingActionExecuter.execute(Lorg/gradle/internal/invocation/BuildAction;Lorg/gradle/initialization/BuildRequestContext;Lorg/gradle/launcher/exec/BuildActionParameters;Lorg/gradle/internal/service/ServiceRegistry;)Lorg/gradle/launcher/exec/BuildActionResult;+9
j  org.gradle.tooling.internal.provider.SessionFailureReportingActionExecuter.execute(Lorg/gradle/internal/invocation/BuildAction;Lorg/gradle/initialization/BuildRequestContext;Ljava/lang/Object;Lorg/gradle/internal/service/ServiceRegistry;)Lorg/gradle/launcher/exec/BuildActionResult;+9
j  org.gradle.tooling.internal.provider.SetupLoggingActionExecuter.execute(Lorg/gradle/internal/invocation/BuildAction;Lorg/gradle/initialization/BuildRequestContext;Lorg/gradle/launcher/exec/BuildActionParameters;Lorg/gradle/internal/service/ServiceRegistry;)Lorg/gradle/launcher/exec/BuildActionResult;+52
j  org.gradle.tooling.internal.provider.SetupLoggingActionExecuter.execute(Lorg/gradle/internal/invocation/BuildAction;Lorg/gradle/initialization/BuildRequestContext;Ljava/lang/Object;Lorg/gradle/internal/service/ServiceRegistry;)Lorg/gradle/launcher/exec/BuildActionResult;+9
j  org.gradle.launcher.daemon.server.exec.ExecuteBuild.doBuild(Lorg/gradle/launcher/daemon/server/api/DaemonCommandExecution;Lorg/gradle/launcher/daemon/protocol/Build;)V+118
j  org.gradle.launcher.daemon.server.exec.BuildCommandOnly.execute(Lorg/gradle/launcher/daemon/server/api/DaemonCommandExecution;)V+49
j  org.gradle.launcher.daemon.server.api.DaemonCommandExecution.proceed()Z+23
j  org.gradle.launcher.daemon.server.exec.WatchForDisconnection.execute(Lorg/gradle/launcher/daemon/server/api/DaemonCommandExecution;)V+19
j  org.gradle.launcher.daemon.server.api.DaemonCommandExecution.proceed()Z+23
j  org.gradle.launcher.daemon.server.exec.ResetDeprecationLogger.execute(Lorg/gradle/launcher/daemon/server/api/DaemonCommandExecution;)V+4
j  org.gradle.launcher.daemon.server.api.DaemonCommandExecution.proceed()Z+23
j  org.gradle.launcher.daemon.server.exec.RequestStopIfSingleUsedDaemon.execute(Lorg/gradle/launcher/daemon/server/api/DaemonCommandExecution;)V+33
j  org.gradle.launcher.daemon.server.api.DaemonCommandExecution.proceed()Z+23
j  org.gradle.launcher.daemon.server.exec.ForwardClientInput$2.create()Ljava/lang/Void;+4
j  org.gradle.launcher.daemon.server.exec.ForwardClientInput$2.create()Ljava/lang/Object;+1
j  org.gradle.util.Swapper.swap(Ljava/lang/Object;Lorg/gradle/internal/Factory;)Ljava/lang/Object;+21
j  org.gradle.launcher.daemon.server.exec.ForwardClientInput.execute(Lorg/gradle/launcher/daemon/server/api/DaemonCommandExecution;)V+63
j  org.gradle.launcher.daemon.server.api.DaemonCommandExecution.proceed()Z+23
j  org.gradle.launcher.daemon.server.exec.LogAndCheckHealth.execute(Lorg/gradle/launcher/daemon/server/api/DaemonCommandExecution;)V+28
j  org.gradle.launcher.daemon.server.api.DaemonCommandExecution.proceed()Z+23
j  org.gradle.launcher.daemon.server.exec.LogToClient.doBuild(Lorg/gradle/launcher/daemon/server/api/DaemonCommandExecution;Lorg/gradle/launcher/daemon/protocol/Build;)V+87
j  org.gradle.launcher.daemon.server.exec.BuildCommandOnly.execute(Lorg/gradle/launcher/daemon/server/api/DaemonCommandExecution;)V+49
j  org.gradle.launcher.daemon.server.api.DaemonCommandExecution.proceed()Z+23
j  org.gradle.launcher.daemon.server.exec.EstablishBuildEnvironment.doBuild(Lorg/gradle/launcher/daemon/server/api/DaemonCommandExecution;Lorg/gradle/launcher/daemon/protocol/Build;)V+351
j  org.gradle.launcher.daemon.server.exec.BuildCommandOnly.execute(Lorg/gradle/launcher/daemon/server/api/DaemonCommandExecution;)V+49
j  org.gradle.launcher.daemon.server.api.DaemonCommandExecution.proceed()Z+23
j  org.gradle.launcher.daemon.server.exec.StartBuildOrRespondWithBusy$1.run()V+44
j  org.gradle.launcher.daemon.server.DaemonStateCoordinator$1.run()V+4
j  org.gradle.internal.concurrent.ExecutorPolicy$CatchAndRecordFailures.onExecute(Ljava/lang/Runnable;)V+1
j  org.gradle.internal.concurrent.ManagedExecutorImpl$1.run()V+25
j  java.util.concurrent.ThreadPoolExecutor.runWorker(Ljava/util/concurrent/ThreadPoolExecutor$Worker;)V+95
j  java.util.concurrent.ThreadPoolExecutor$Worker.run()V+5
j  org.gradle.internal.concurrent.ThreadFactoryImpl$ManagedThreadRunnable.run()V+7
j  java.lang.Thread.run()V+11
v  ~StubRoutines::call_stub

---------------  P R O C E S S  ---------------

Java Threads: ( => current thread )
  0x000000001d868800 JavaThread "Cache worker for Build Output Cleanup Cache (C:\Android\SensorLogger\.gradle\buildOutputCleanup)" [_thread_blocked, id=15048, stack(0x0000000023830000,0x0000000023930000)]
  0x000000001d866800 JavaThread "Build operations Thread 4" [_thread_blocked, id=668, stack(0x0000000023330000,0x0000000023430000)]
  0x000000001d861000 JavaThread "Build operations Thread 3" [_thread_blocked, id=11500, stack(0x0000000023230000,0x0000000023330000)]
  0x000000001d865800 JavaThread "Build operations Thread 2" [_thread_blocked, id=13564, stack(0x0000000023130000,0x0000000023230000)]
  0x000000001d868000 JavaThread "Build operations" [_thread_blocked, id=7080, stack(0x0000000023030000,0x0000000023130000)]
  0x000000001d862800 JavaThread "Cache worker for execution history cache (C:\Users\gorog\.gradle\caches\6.1.1\executionHistory)" [_thread_blocked, id=18916, stack(0x0000000021160000,0x0000000021260000)]
  0x000000001d85f800 JavaThread "Cache worker for cache directory md-rule (C:\Users\gorog\.gradle\caches\6.1.1\md-rule)" [_thread_blocked, id=13028, stack(0x000000001ffc0000,0x00000000200c0000)]
  0x0000000019231000 JavaThread "Cache worker for cache directory md-supplier (C:\Users\gorog\.gradle\caches\6.1.1\md-supplier)" [_thread_blocked, id=9868, stack(0x000000001fc80000,0x000000001fd80000)]
  0x000000001922e000 JavaThread "Cache worker for file hash cache (C:\Android\SensorLogger\.gradle\6.1.1\fileHashes)" [_thread_blocked, id=15776, stack(0x000000001f780000,0x000000001f880000)]
  0x0000000019230000 JavaThread "Cache worker for checksums cache (C:\Android\SensorLogger\.gradle\checksums)" [_thread_blocked, id=17820, stack(0x000000001f680000,0x000000001f780000)]
  0x000000001922f800 JavaThread "Cache worker for file hash cache (C:\Users\gorog\.gradle\caches\6.1.1\fileHashes)" [_thread_blocked, id=14856, stack(0x000000001d5e0000,0x000000001d6e0000)]
  0x000000001922e800 JavaThread "File lock request listener" [_thread_in_native, id=15712, stack(0x000000001d4e0000,0x000000001d5e0000)]
  0x0000000019c1d800 JavaThread "Cache worker for journal cache (C:\Users\gorog\.gradle\caches\journal-1)" [_thread_blocked, id=19348, stack(0x000000001d3e0000,0x000000001d4e0000)]
  0x00000000191c4800 JavaThread "Thread-9" [_thread_blocked, id=18488, stack(0x000000001d0e0000,0x000000001d1e0000)]
  0x0000000019514800 JavaThread "Stdin handler" [_thread_blocked, id=5260, stack(0x000000001cfe0000,0x000000001d0e0000)]
  0x000000001928e000 JavaThread "Asynchronous log dispatcher for DefaultDaemonConnection: socket connection from /127.0.0.1:53704 to /127.0.0.1:53705" [_thread_blocked, id=14016, stack(0x000000001cee0000,0x000000001cfe0000)]
=>0x000000001b4ce000 JavaThread "Daemon worker" [_thread_in_vm, id=13608, stack(0x000000001cde0000,0x000000001cee0000)]
  0x000000001b4d9000 JavaThread "Cancel handler" [_thread_blocked, id=18776, stack(0x000000001cce0000,0x000000001cde0000)]
  0x000000001b505000 JavaThread "Handler for socket connection from /127.0.0.1:53704 to /127.0.0.1:53705" [_thread_in_native, id=17472, stack(0x000000001c9e0000,0x000000001cae0000)]
  0x000000001b502000 JavaThread "Daemon" [_thread_blocked, id=16180, stack(0x000000001c8e0000,0x000000001c9e0000)]
  0x000000001b43f800 JavaThread "Daemon periodic checks" [_thread_blocked, id=8344, stack(0x000000001c7e0000,0x000000001c8e0000)]
  0x000000001b43e800 JavaThread "Incoming local TCP Connector on port 53704" [_thread_in_native, id=19444, stack(0x0000000019860000,0x0000000019960000)]
  0x000000001b37d000 JavaThread "Daemon health stats" [_thread_blocked, id=992, stack(0x0000000019760000,0x0000000019860000)]
  0x00000000191a8000 JavaThread "Service Thread" daemon [_thread_blocked, id=18500, stack(0x0000000019560000,0x0000000019660000)]
  0x000000001781b800 JavaThread "C1 CompilerThread2" daemon [_thread_blocked, id=18784, stack(0x0000000019060000,0x0000000019160000)]
  0x0000000017815000 JavaThread "C2 CompilerThread1" daemon [_thread_blocked, id=1284, stack(0x0000000018f60000,0x0000000019060000)]
  0x0000000017803000 JavaThread "C2 CompilerThread0" daemon [_thread_blocked, id=9436, stack(0x0000000018e60000,0x0000000018f60000)]
  0x0000000017801800 JavaThread "Attach Listener" daemon [_thread_blocked, id=16020, stack(0x0000000018d60000,0x0000000018e60000)]
  0x0000000017808000 JavaThread "Signal Dispatcher" daemon [_thread_blocked, id=9736, stack(0x0000000018c60000,0x0000000018d60000)]
  0x0000000002bdc000 JavaThread "Finalizer" daemon [_thread_blocked, id=15140, stack(0x0000000018a50000,0x0000000018b50000)]
  0x00000000177e9000 JavaThread "Reference Handler" daemon [_thread_blocked, id=13920, stack(0x0000000018950000,0x0000000018a50000)]
  0x0000000002ade800 JavaThread "main" [_thread_blocked, id=10492, stack(0x0000000002910000,0x0000000002a10000)]

Other Threads:
  0x00000000177c6000 VMThread [stack: 0x0000000018850000,0x0000000018950000] [id=12928]
  0x0000000017854800 WatcherThread [stack: 0x0000000019660000,0x0000000019760000] [id=4348]

VM state:not at safepoint (normal execution)

VM Mutex/Monitor currently owned by a thread: None

heap address: 0x0000000080000000, size: 2048 MB, Compressed Oops mode: 32-bit
Narrow klass base: 0x0000000000000000, Narrow klass shift: 3
Compressed class space size: 1073741824 Address: 0x0000000100000000

Heap:
 PSYoungGen      total 308224K, used 124744K [0x00000000d5580000, 0x00000000eed80000, 0x0000000100000000)
  eden space 289280K, 43% used [0x00000000d5580000,0x00000000dcf52218,0x00000000e7000000)
  from space 18944K, 0% used [0x00000000e7000000,0x00000000e7000000,0x00000000e8280000)
  to   space 24064K, 0% used [0x00000000ed600000,0x00000000ed600000,0x00000000eed80000)
 ParOldGen       total 163328K, used 40122K [0x0000000080000000, 0x0000000089f80000, 0x00000000d5580000)
  object space 163328K, 24% used [0x0000000080000000,0x000000008272e960,0x0000000089f80000)
 Metaspace       used 61680K, capacity 63974K, committed 64296K, reserved 1103872K
  class space    used 8439K, capacity 8932K, committed 9000K, reserved 1048576K

Card table byte_map: [0x0000000011fa0000,0x00000000123b0000] byte_map_base: 0x0000000011ba0000

Marking Bits: (ParMarkBitMap*) 0x000000006b5cf030
 Begin Bits: [0x0000000012a60000, 0x0000000014a60000)
 End Bits:   [0x0000000014a60000, 0x0000000016a60000)

Polling page: 0x00000000009f0000

CodeCache: size=245760Kb used=19536Kb max_used=19536Kb free=226223Kb
 bounds [0x0000000002be0000, 0x0000000003f10000, 0x0000000011be0000]
 total_blobs=6389 nmethods=5587 adapters=714
 compilation: enabled

Compilation events (10 events):
Event: 25.514 Thread 0x000000001781b800 6192       3       java.util.Collections::singleton (9 bytes)
Event: 25.515 Thread 0x000000001781b800 nmethod 6192 0x0000000003efe950 code [0x0000000003efeac0, 0x0000000003efedd0]
Event: 25.515 Thread 0x000000001781b800 6193       3       java.util.Collections$SingletonSet::<init> (10 bytes)
Event: 25.515 Thread 0x000000001781b800 nmethod 6193 0x0000000003efef50 code [0x0000000003eff0c0, 0x0000000003eff350]
Event: 25.515 Thread 0x000000001781b800 6195       3       org.jetbrains.plugins.gradle.tooling.builder.ModelBuildScriptClasspathBuilderImpl::pathSet (111 bytes)
Event: 25.516 Thread 0x000000001781b800 nmethod 6195 0x0000000003eff490 code [0x0000000003eff780, 0x0000000003f00e18]
Event: 25.516 Thread 0x000000001781b800 6194       3       org.jetbrains.plugins.gradle.tooling.builder.ModelBuildScriptClasspathBuilderImpl::pathSet (8 bytes)
Event: 25.517 Thread 0x000000001781b800 nmethod 6194 0x0000000003f016d0 code [0x0000000003f01880, 0x0000000003f01d78]
Event: 25.517 Thread 0x000000001781b800 6196       3       org.gradle.internal.event.ListenerBroadcast::dispatch (9 bytes)
Event: 25.517 Thread 0x000000001781b800 nmethod 6196 0x0000000003f02090 code [0x0000000003f02200, 0x0000000003f025e8]

GC Heap History (10 events):
Event: 10.597 GC heap before
{Heap before GC invocations=8 (full 1):
 PSYoungGen      total 183296K, used 91887K [0x00000000d5580000, 0x00000000e2c00000, 0x0000000100000000)
  eden space 172544K, 47% used [0x00000000d5580000,0x00000000da50ceb8,0x00000000dfe00000)
  from space 10752K, 96% used [0x00000000e2180000,0x00000000e2baefc0,0x00000000e2c00000)
  to   space 12800K, 0% used [0x00000000e1300000,0x00000000e1300000,0x00000000e1f80000)
 ParOldGen       total 71680K, used 8531K [0x0000000080000000, 0x0000000084600000, 0x00000000d5580000)
  object space 71680K, 11% used [0x0000000080000000,0x0000000080854f80,0x0000000084600000)
 Metaspace       used 34420K, capacity 35398K, committed 35496K, reserved 1079296K
  class space    used 4680K, capacity 4946K, committed 5032K, reserved 1048576K
Event: 10.637 GC heap after
Heap after GC invocations=8 (full 1):
 PSYoungGen      total 206848K, used 11518K [0x00000000d5580000, 0x00000000e9380000, 0x0000000100000000)
  eden space 194048K, 0% used [0x00000000d5580000,0x00000000d5580000,0x00000000e1300000)
  from space 12800K, 89% used [0x00000000e1300000,0x00000000e1e3f990,0x00000000e1f80000)
  to   space 13824K, 0% used [0x00000000e8600000,0x00000000e8600000,0x00000000e9380000)
 ParOldGen       total 71680K, used 8539K [0x0000000080000000, 0x0000000084600000, 0x00000000d5580000)
  object space 71680K, 11% used [0x0000000080000000,0x0000000080856f80,0x0000000084600000)
 Metaspace       used 34420K, capacity 35398K, committed 35496K, reserved 1079296K
  class space    used 4680K, capacity 4946K, committed 5032K, reserved 1048576K
}
Event: 10.637 GC heap before
{Heap before GC invocations=9 (full 2):
 PSYoungGen      total 206848K, used 11518K [0x00000000d5580000, 0x00000000e9380000, 0x0000000100000000)
  eden space 194048K, 0% used [0x00000000d5580000,0x00000000d5580000,0x00000000e1300000)
  from space 12800K, 89% used [0x00000000e1300000,0x00000000e1e3f990,0x00000000e1f80000)
  to   space 13824K, 0% used [0x00000000e8600000,0x00000000e8600000,0x00000000e9380000)
 ParOldGen       total 71680K, used 8539K [0x0000000080000000, 0x0000000084600000, 0x00000000d5580000)
  object space 71680K, 11% used [0x0000000080000000,0x0000000080856f80,0x0000000084600000)
 Metaspace       used 34420K, capacity 35398K, committed 35496K, reserved 1079296K
  class space    used 4680K, capacity 4946K, committed 5032K, reserved 1048576K
Event: 10.802 GC heap after
Heap after GC invocations=9 (full 2):
 PSYoungGen      total 206848K, used 0K [0x00000000d5580000, 0x00000000e9380000, 0x0000000100000000)
  eden space 194048K, 0% used [0x00000000d5580000,0x00000000d5580000,0x00000000e1300000)
  from space 12800K, 0% used [0x00000000e1300000,0x00000000e1300000,0x00000000e1f80000)
  to   space 13824K, 0% used [0x00000000e8600000,0x00000000e8600000,0x00000000e9380000)
 ParOldGen       total 109056K, used 18954K [0x0000000080000000, 0x0000000086a80000, 0x00000000d5580000)
  object space 109056K, 17% used [0x0000000080000000,0x0000000081282850,0x0000000086a80000)
 Metaspace       used 34420K, capacity 35398K, committed 35496K, reserved 1079296K
  class space    used 4680K, capacity 4946K, committed 5032K, reserved 1048576K
}
Event: 19.488 GC heap before
{Heap before GC invocations=10 (full 2):
 PSYoungGen      total 206848K, used 194048K [0x00000000d5580000, 0x00000000e9380000, 0x0000000100000000)
  eden space 194048K, 100% used [0x00000000d5580000,0x00000000e1300000,0x00000000e1300000)
  from space 12800K, 0% used [0x00000000e1300000,0x00000000e1300000,0x00000000e1f80000)
  to   space 13824K, 0% used [0x00000000e8600000,0x00000000e8600000,0x00000000e9380000)
 ParOldGen       total 109056K, used 18954K [0x0000000080000000, 0x0000000086a80000, 0x00000000d5580000)
  object space 109056K, 17% used [0x0000000080000000,0x0000000081282850,0x0000000086a80000)
 Metaspace       used 47594K, capacity 49310K, committed 49576K, reserved 1091584K
  class space    used 6415K, capacity 6782K, committed 6824K, reserved 1048576K
Event: 19.520 GC heap after
Heap after GC invocations=10 (full 2):
 PSYoungGen      total 303104K, used 13792K [0x00000000d5580000, 0x00000000e9500000, 0x0000000100000000)
  eden space 289280K, 0% used [0x00000000d5580000,0x00000000d5580000,0x00000000e7000000)
  from space 13824K, 99% used [0x00000000e8600000,0x00000000e9378340,0x00000000e9380000)
  to   space 18944K, 0% used [0x00000000e7000000,0x00000000e7000000,0x00000000e8280000)
 ParOldGen       total 109056K, used 26288K [0x0000000080000000, 0x0000000086a80000, 0x00000000d5580000)
  object space 109056K, 24% used [0x0000000080000000,0x00000000819ac2d8,0x0000000086a80000)
 Metaspace       used 47594K, capacity 49310K, committed 49576K, reserved 1091584K
  class space    used 6415K, capacity 6782K, committed 6824K, reserved 1048576K
}
Event: 22.727 GC heap before
{Heap before GC invocations=11 (full 2):
 PSYoungGen      total 303104K, used 140675K [0x00000000d5580000, 0x00000000e9500000, 0x0000000100000000)
  eden space 289280K, 43% used [0x00000000d5580000,0x00000000dd168aa8,0x00000000e7000000)
  from space 13824K, 99% used [0x00000000e8600000,0x00000000e9378340,0x00000000e9380000)
  to   space 18944K, 0% used [0x00000000e7000000,0x00000000e7000000,0x00000000e8280000)
 ParOldGen       total 109056K, used 26288K [0x0000000080000000, 0x0000000086a80000, 0x00000000d5580000)
  object space 109056K, 24% used [0x0000000080000000,0x00000000819ac2d8,0x0000000086a80000)
 Metaspace       used 56878K, capacity 59084K, committed 59160K, reserved 1099776K
  class space    used 7712K, capacity 8197K, committed 8232K, reserved 1048576K
Event: 22.774 GC heap after
Heap after GC invocations=11 (full 2):
 PSYoungGen      total 308224K, used 18924K [0x00000000d5580000, 0x00000000eed80000, 0x0000000100000000)
  eden space 289280K, 0% used [0x00000000d5580000,0x00000000d5580000,0x00000000e7000000)
  from space 18944K, 99% used [0x00000000e7000000,0x00000000e827b340,0x00000000e8280000)
  to   space 24064K, 0% used [0x00000000ed600000,0x00000000ed600000,0x00000000eed80000)
 ParOldGen       total 109056K, used 32311K [0x0000000080000000, 0x0000000086a80000, 0x00000000d5580000)
  object space 109056K, 29% used [0x0000000080000000,0x0000000081f8df58,0x0000000086a80000)
 Metaspace       used 56878K, capacity 59084K, committed 59160K, reserved 1099776K
  class space    used 7712K, capacity 8197K, committed 8232K, reserved 1048576K
}
Event: 22.774 GC heap before
{Heap before GC invocations=12 (full 3):
 PSYoungGen      total 308224K, used 18924K [0x00000000d5580000, 0x00000000eed80000, 0x0000000100000000)
  eden space 289280K, 0% used [0x00000000d5580000,0x00000000d5580000,0x00000000e7000000)
  from space 18944K, 99% used [0x00000000e7000000,0x00000000e827b340,0x00000000e8280000)
  to   space 24064K, 0% used [0x00000000ed600000,0x00000000ed600000,0x00000000eed80000)
 ParOldGen       total 109056K, used 32311K [0x0000000080000000, 0x0000000086a80000, 0x00000000d5580000)
  object space 109056K, 29% used [0x0000000080000000,0x0000000081f8df58,0x0000000086a80000)
 Metaspace       used 56878K, capacity 59084K, committed 59160K, reserved 1099776K
  class space    used 7712K, capacity 8197K, committed 8232K, reserved 1048576K
Event: 23.148 GC heap after
Heap after GC invocations=12 (full 3):
 PSYoungGen      total 308224K, used 0K [0x00000000d5580000, 0x00000000eed80000, 0x0000000100000000)
  eden space 289280K, 0% used [0x00000000d5580000,0x00000000d5580000,0x00000000e7000000)
  from space 18944K, 0% used [0x00000000e7000000,0x00000000e7000000,0x00000000e8280000)
  to   space 24064K, 0% used [0x00000000ed600000,0x00000000ed600000,0x00000000eed80000)
 ParOldGen       total 163328K, used 40122K [0x0000000080000000, 0x0000000089f80000, 0x00000000d5580000)
  object space 163328K, 24% used [0x0000000080000000,0x000000008272e960,0x0000000089f80000)
 Metaspace       used 56867K, capacity 59048K, committed 59160K, reserved 1099776K
  class space    used 7708K, capacity 8191K, committed 8232K, reserved 1048576K
}

Deoptimization events (10 events):
Event: 24.410 Thread 0x000000001b4ce000 Uncommon trap: reason=unstable_if action=reinterpret pc=0x00000000035d6144 method=org.objectweb.asm.AnnotationWriter.computeAnnotationsSize(Lorg/objectweb/asm/AnnotationWriter;Lorg/objectweb/asm/AnnotationWriter;Lorg/objectweb/asm/AnnotationWriter;Lorg/ob
Event: 24.410 Thread 0x000000001b4ce000 Uncommon trap: reason=unstable_if action=reinterpret pc=0x000000000338947c method=org.objectweb.asm.AnnotationWriter.putAnnotations(Lorg/objectweb/asm/SymbolTable;Lorg/objectweb/asm/AnnotationWriter;Lorg/objectweb/asm/AnnotationWriter;Lorg/objectweb/asm/A
Event: 24.429 Thread 0x000000001b4ce000 Uncommon trap: reason=class_check action=maybe_recompile pc=0x000000000366fb14 method=java.util.regex.Pattern$BnM.match(Ljava/util/regex/Matcher;ILjava/lang/CharSequence;)Z @ 111
Event: 24.509 Thread 0x000000001b4ce000 Uncommon trap: reason=unstable_if action=reinterpret pc=0x0000000003a30c64 method=java.util.TreeMap.put(Ljava/lang/Object;Ljava/lang/Object;)Ljava/lang/Object; @ 163
Event: 24.517 Thread 0x000000001b4ce000 Uncommon trap: reason=unstable_if action=reinterpret pc=0x0000000002dfca10 method=java.lang.AbstractStringBuilder.append(I)Ljava/lang/AbstractStringBuilder; @ 16
Event: 24.627 Thread 0x000000001b4ce000 Uncommon trap: reason=unstable_if action=reinterpret pc=0x00000000038413e4 method=sun.nio.fs.WindowsPathParser.isSlash(C)Z @ 9
Event: 24.627 Thread 0x000000001b4ce000 Uncommon trap: reason=unstable_if action=reinterpret pc=0x0000000002f1ffb8 method=sun.nio.fs.WindowsPathParser.isSlash(C)Z @ 9
Event: 24.648 Thread 0x000000001b4ce000 Uncommon trap: reason=unstable_if action=reinterpret pc=0x00000000036eadb8 method=com.esotericsoftware.kryo.io.Input.require(I)I @ 65
Event: 24.678 Thread 0x000000001b4ce000 Uncommon trap: reason=class_check action=maybe_recompile pc=0x000000000366fb14 method=java.util.regex.Pattern$BnM.match(Ljava/util/regex/Matcher;ILjava/lang/CharSequence;)Z @ 111
Event: 25.041 Thread 0x000000001b4ce000 Uncommon trap: reason=class_check action=maybe_recompile pc=0x00000000038df8c0 method=java.lang.Throwable.<init>(Ljava/lang/String;Ljava/lang/Throwable;)V @ 24

Classes redefined (0 events):
No events

Internal exceptions (10 events):
Event: 24.896 Thread 0x000000001b4ce000 Exception <a 'java/lang/NoSuchMethodError': <clinit>> (0x00000000db049bc0) thrown at [C:\src\AOSP-openjdk-git\hotspot\src\share\vm\prims\jni.cpp, line 1615]
Event: 25.026 Thread 0x000000001b4ce000 Exception <a 'java/lang/NoSuchMethodError': <clinit>> (0x00000000db61f7b0) thrown at [C:\src\AOSP-openjdk-git\hotspot\src\share\vm\prims\jni.cpp, line 1615]
Event: 25.037 Thread 0x000000001b4ce000 Exception <a 'java/lang/NoSuchMethodError': <clinit>> (0x00000000db66c8c8) thrown at [C:\src\AOSP-openjdk-git\hotspot\src\share\vm\prims\jni.cpp, line 1615]
Event: 25.048 Thread 0x000000001b4ce000 Exception <a 'java/lang/NoSuchMethodError': <clinit>> (0x00000000db74cb68) thrown at [C:\src\AOSP-openjdk-git\hotspot\src\share\vm\prims\jni.cpp, line 1615]
Event: 25.053 Thread 0x000000001b4ce000 Exception <a 'java/lang/ClassNotFoundException': org/jetbrains/plugins/gradle/tooling/util/SourceSetCachedFinder$1BeanInfo> (0x00000000db78b180) thrown at [C:\src\AOSP-openjdk-git\hotspot\src\share\vm\classfile\systemDictionary.cpp, line 210]
Event: 25.054 Thread 0x000000001b4ce000 Exception <a 'java/lang/ClassNotFoundException': org/jetbrains/plugins/gradle/tooling/util/SourceSetCachedFinder$1Customizer> (0x00000000db7a0f98) thrown at [C:\src\AOSP-openjdk-git\hotspot\src\share\vm\classfile\systemDictionary.cpp, line 210]
Event: 25.061 Thread 0x000000001b4ce000 Exception <a 'java/lang/ClassNotFoundException': org/jetbrains/plugins/gradle/tooling/util/SourceSetCachedFinder$2BeanInfo> (0x00000000db7eaf68) thrown at [C:\src\AOSP-openjdk-git\hotspot\src\share\vm\classfile\systemDictionary.cpp, line 210]
Event: 25.061 Thread 0x000000001b4ce000 Exception <a 'java/lang/ClassNotFoundException': org/jetbrains/plugins/gradle/tooling/util/SourceSetCachedFinder$2Customizer> (0x00000000db800d80) thrown at [C:\src\AOSP-openjdk-git\hotspot\src\share\vm\classfile\systemDictionary.cpp, line 210]
Event: 25.065 Thread 0x000000001b4ce000 Exception <a 'java/lang/ClassNotFoundException': org/jetbrains/plugins/gradle/tooling/util/SourceSetCachedFinderBeanInfo> (0x00000000db843c50) thrown at [C:\src\AOSP-openjdk-git\hotspot\src\share\vm\classfile\systemDictionary.cpp, line 210]
Event: 25.066 Thread 0x000000001b4ce000 Exception <a 'java/lang/ClassNotFoundException': org/jetbrains/plugins/gradle/tooling/util/SourceSetCachedFinderCustomizer> (0x00000000db858f88) thrown at [C:\src\AOSP-openjdk-git\hotspot\src\share\vm\classfile\systemDictionary.cpp, line 210]

Events (10 events):
Event: 25.512 loading class org/jetbrains/plugins/gradle/tooling/util/DependencyTraverser
Event: 25.512 loading class org/jetbrains/plugins/gradle/tooling/util/DependencyTraverser done
Event: 25.512 loading class org/jetbrains/plugins/gradle/tooling/util/DependencyTraverser$Itr
Event: 25.512 loading class org/jetbrains/plugins/gradle/tooling/util/DependencyTraverser$Itr done
Event: 25.513 loading class org/jetbrains/plugins/gradle/model/ExternalProjectDependency
Event: 25.513 loading class org/jetbrains/plugins/gradle/model/ExternalProjectDependency done
Event: 25.513 loading class org/jetbrains/plugins/gradle/tooling/internal/ClasspathEntryModelImpl
Event: 25.513 loading class org/jetbrains/plugins/gradle/tooling/internal/ClasspathEntryModelImpl done
Event: 25.515 loading class org/jetbrains/plugins/gradle/model/ClasspathEntryModel
Event: 25.515 loading class org/jetbrains/plugins/gradle/model/ClasspathEntryModel done


Dynamic libraries:
0x00007ff6cf920000 - 0x00007ff6cf951000 	C:\Program Files\Android\Android Studio\jre\bin\java.exe
0x00007ff9a8b00000 - 0x00007ff9a8cf0000 	C:\WINDOWS\SYSTEM32\ntdll.dll
0x00007ff9a6cc0000 - 0x00007ff9a6d72000 	C:\WINDOWS\System32\KERNEL32.DLL
0x00007ff9a5bc0000 - 0x00007ff9a5e65000 	C:\WINDOWS\System32\KERNELBASE.dll
0x00007ff9a86f0000 - 0x00007ff9a8793000 	C:\WINDOWS\System32\ADVAPI32.dll
0x00007ff9a6bb0000 - 0x00007ff9a6c4e000 	C:\WINDOWS\System32\msvcrt.dll
0x00007ff9a6d80000 - 0x00007ff9a6e17000 	C:\WINDOWS\System32\sechost.dll
0x00007ff9a7d70000 - 0x00007ff9a7e90000 	C:\WINDOWS\System32\RPCRT4.dll
0x00007ff9a72c0000 - 0x00007ff9a7455000 	C:\WINDOWS\System32\USER32.dll
0x00007ff9a5b90000 - 0x00007ff9a5bb1000 	C:\WINDOWS\System32\win32u.dll
0x00007ff9a7f20000 - 0x00007ff9a7f46000 	C:\WINDOWS\System32\GDI32.dll
0x00007ff9a5e70000 - 0x00007ff9a6006000 	C:\WINDOWS\System32\gdi32full.dll
0x00007ff9a6230000 - 0x00007ff9a62ce000 	C:\WINDOWS\System32\msvcp_win.dll
0x00007ff9a5a90000 - 0x00007ff9a5b8a000 	C:\WINDOWS\System32\ucrtbase.dll
0x00007ff9a4eb0000 - 0x00007ff9a5134000 	C:\WINDOWS\WinSxS\amd64_microsoft.windows.common-controls_6595b64144ccf1df_6.0.18362.1082_none_9e8193e1e45b25c1\COMCTL32.dll
0x00007ff9a7fd0000 - 0x00007ff9a8305000 	C:\WINDOWS\System32\combase.dll
0x00007ff9a6030000 - 0x00007ff9a60b0000 	C:\WINDOWS\System32\bcryptPrimitives.dll
0x00007ff9a7290000 - 0x00007ff9a72be000 	C:\WINDOWS\System32\IMM32.DLL
0x000000006aaa0000 - 0x000000006ab72000 	C:\Program Files\Android\Android Studio\jre\jre\bin\msvcr100.dll
0x000000006ae00000 - 0x000000006b64b000 	C:\Program Files\Android\Android Studio\jre\jre\bin\server\jvm.dll
0x00007ff9a8530000 - 0x00007ff9a8538000 	C:\WINDOWS\System32\PSAPI.DLL
0x00007ff9a3df0000 - 0x00007ff9a3df9000 	C:\WINDOWS\SYSTEM32\WSOCK32.dll
0x00007ff9a8310000 - 0x00007ff9a837f000 	C:\WINDOWS\System32\WS2_32.dll
0x00007ff9a2c00000 - 0x00007ff9a2c24000 	C:\WINDOWS\SYSTEM32\WINMM.dll
0x00007ff99a2f0000 - 0x00007ff99a2fa000 	C:\WINDOWS\SYSTEM32\VERSION.dll
0x00007ff9a2860000 - 0x00007ff9a288d000 	C:\WINDOWS\SYSTEM32\WINMMBASE.dll
0x00007ff9a62d0000 - 0x00007ff9a631a000 	C:\WINDOWS\System32\cfgmgr32.dll
0x00007ff9a3cf0000 - 0x00007ff9a3cff000 	C:\Program Files\Android\Android Studio\jre\jre\bin\verify.dll
0x00007ff998990000 - 0x00007ff9989b9000 	C:\Program Files\Android\Android Studio\jre\jre\bin\java.dll
0x00007ff9a38f0000 - 0x00007ff9a3906000 	C:\Program Files\Android\Android Studio\jre\jre\bin\zip.dll
0x00007ff9a7680000 - 0x00007ff9a7d67000 	C:\WINDOWS\System32\SHELL32.dll
0x00007ff9a88b0000 - 0x00007ff9a8959000 	C:\WINDOWS\System32\shcore.dll
0x00007ff9a6380000 - 0x00007ff9a6b00000 	C:\WINDOWS\System32\windows.storage.dll
0x00007ff9a59d0000 - 0x00007ff9a59f3000 	C:\WINDOWS\System32\profapi.dll
0x00007ff9a5a40000 - 0x00007ff9a5a8a000 	C:\WINDOWS\System32\powrprof.dll
0x00007ff9a59c0000 - 0x00007ff9a59d0000 	C:\WINDOWS\System32\UMPDC.dll
0x00007ff9a7620000 - 0x00007ff9a7672000 	C:\WINDOWS\System32\shlwapi.dll
0x00007ff9a5a00000 - 0x00007ff9a5a11000 	C:\WINDOWS\System32\kernel.appcore.dll
0x00007ff9a6010000 - 0x00007ff9a6027000 	C:\WINDOWS\System32\cryptsp.dll
0x00007ff99fc00000 - 0x00007ff99fc1a000 	C:\Program Files\Android\Android Studio\jre\jre\bin\net.dll
0x00007ff9a4b90000 - 0x00007ff9a4bf7000 	C:\WINDOWS\system32\mswsock.dll
0x00007ff99f830000 - 0x00007ff99f843000 	C:\Program Files\Android\Android Studio\jre\jre\bin\nio.dll
0x00007ff9981e0000 - 0x00007ff998206000 	C:\Users\gorog\.gradle\native\31\windows-amd64\native-platform.dll
0x00007ff9a3ce0000 - 0x00007ff9a3ced000 	C:\Program Files\Android\Android Studio\jre\jre\bin\management.dll
0x00007ff9a4700000 - 0x00007ff9a4733000 	C:\WINDOWS\system32\rsaenh.dll
0x00007ff9a60b0000 - 0x00007ff9a60d6000 	C:\WINDOWS\System32\bcrypt.dll
0x00007ff9a58a0000 - 0x00007ff9a58c5000 	C:\WINDOWS\SYSTEM32\USERENV.dll
0x00007ff9a4d60000 - 0x00007ff9a4d6c000 	C:\WINDOWS\SYSTEM32\CRYPTBASE.dll
0x00007ff9a48a0000 - 0x00007ff9a48da000 	C:\WINDOWS\SYSTEM32\IPHLPAPI.DLL
0x00007ff9a86e0000 - 0x00007ff9a86e8000 	C:\WINDOWS\System32\NSI.dll
0x00007ff99aea0000 - 0x00007ff99aeb6000 	C:\WINDOWS\SYSTEM32\dhcpcsvc6.DLL
0x00007ff99afa0000 - 0x00007ff99afbc000 	C:\WINDOWS\SYSTEM32\dhcpcsvc.DLL
0x00007ff9a48e0000 - 0x00007ff9a49ab000 	C:\WINDOWS\SYSTEM32\DNSAPI.dll
0x00007ff9a54d0000 - 0x00007ff9a56c4000 	C:\WINDOWS\SYSTEM32\dbghelp.dll

VM Arguments:
jvm_args: -Xmx2048m -Dfile.encoding=windows-1250 -Duser.country=HU -Duser.language=hu -Duser.variant 
java_command: org.gradle.launcher.daemon.bootstrap.GradleDaemon 6.1.1
java_class_path (initial): C:\Users\gorog\.gradle\wrapper\dists\gradle-6.1.1-all\cfmwm155h49vnt3hynmlrsdst\gradle-6.1.1\lib\gradle-launcher-6.1.1.jar
Launcher Type: SUN_STANDARD

Environment Variables:
PATH=C:\Program Files (x86)\Common Files\Oracle\Java\javapath;C:\Python27\;C:\Python27\Scripts;C:\WINDOWS\system32;C:\WINDOWS;C:\WINDOWS\System32\Wbem;C:\WINDOWS\System32\WindowsPowerShell\v1.0\;C:\WINDOWS\System32\OpenSSH\;C:\Program Files (x86)\Calibre2\;C:\Program Files\MiKTeX 2.9\miktex\bin\x64\;C:\Program Files\PuTTY\;C:\Program Files\nodejs\;C:\ProgramData\chocolatey\bin;C:\Program Files\Git\cmd;C:\Users\gorog\AppData\Local\Microsoft\WindowsApps;C:\Users\gorog\AppData\Roaming\npm;;C:\Users\gorog\AppData\Local\Programs\Microsoft VS Code\bin
USERNAME=gorog
OS=Windows_NT
PROCESSOR_IDENTIFIER=Intel64 Family 6 Model 60 Stepping 3, GenuineIntel



---------------  S Y S T E M  ---------------

OS: Windows 10.0 , 64 bit Build 18362 (10.0.18362.1082)

CPU:total 4 (initial active 4) (2 cores per cpu, 2 threads per core) family 6 model 60 stepping 3, cmov, cx8, fxsr, mmx, sse, sse2, sse3, ssse3, sse4.1, sse4.2, popcnt, avx, avx2, aes, clmul, erms, lzcnt, ht, tsc, tscinvbit, bmi1, bmi2

Memory: 4k page, physical 12493080k(2777156k free), swap 18784536k(4463236k free)

vm_info: OpenJDK 64-Bit Server VM (25.242-b01) for windows-amd64 JRE (1.8.0_242-release-1644-b01), built by "builder" with MS VC++ 10.0 (VS2010)

time: Thu Oct 08 22:00:06 2020
timezone: Kzp-eurpai nyri id 
elapsed time: 25 seconds (0d 0h 0m 25s)

